<?xml version="1.0" encoding="UTF-8"?>
<!-- Generated by org.testng.reporters.JUnitReportReporter -->
<testsuite skipped="0" hostname="DESKTOP-TIVHTOJ" name="StepDefinition.TestRunner" tests="1" failures="0" timestamp="2022-06-17T12:36:15 IST" time="61.917" errors="0">
  <testcase name="runScenario" time="61.917" classname="StepDefinition.TestRunner"/>
  <system-out/>
</testsuite> <!-- StepDefinition.TestRunner -->
